# JRE version: OpenJDK Runtime Environment Corretto-21.0.9.10.1 (21.0.9+10) (build 21.0.9+10-LTS)
# Java VM: OpenJDK 64-Bit Server VM Corretto-21.0.9.10.1 (21.0.9+10-LTS, mixed mode, emulated-client, sharing, tiered, compressed oops, compressed class ptrs, g1 gc, bsd-aarch64)
GC Precious Log:
 CardTable entry size: 512
 Card Set container configuration: InlinePtr #cards 4 size 8 Array Of Cards #cards 16 size 48 Howl #buckets 8 coarsen threshold 3686 Howl Bitmap #cards 512 size 80 coarsen threshold 460 Card regions per heap region 1 cards per card region 4096
 CPUs: 8 total, 8 available
 Memory: 16384M
 Large Page Support: Disabled
 NUMA Support: Disabled
 Compressed Oops: Enabled (Zero based)
 Heap Region Size: 2M
 Heap Min Capacity: 8M
 Heap Initial Capacity: 256M
 Heap Max Capacity: 4G
 Pre-touch: Disabled
 Parallel Workers: 8
 Concurrent Workers: 2
 Concurrent Refinement Workers: 8
 Periodic GC: Disabled
Heap:
 garbage-first heap   total 81920K, used 38833K [0x0000000300800000, 0x0000000400800000)
  region size 2048K, 11 young (22528K), 3 survivors (6144K)
 Metaspace       used 31505K, committed 32000K, reserved 1114112K
  class space    used 4050K, committed 4288K, reserved 1048576K
GC Heap History (14 events):
Event: 1.354 GC heap before
{Heap before GC invocations=0 (full 0):
 garbage-first heap   total 264192K, used 21536K [0x0000000300800000, 0x0000000400800000)
  region size 2048K, 11 young (22528K), 0 survivors (0K)
 Metaspace       used 3898K, committed 4096K, reserved 1114112K
  class space    used 453K, committed 512K, reserved 1048576K
}
Event: 1.357 GC heap after
{Heap after GC invocations=1 (full 0):
 garbage-first heap   total 264192K, used 12217K [0x0000000300800000, 0x0000000400800000)
  region size 2048K, 2 young (4096K), 2 survivors (4096K)
 Metaspace       used 3898K, committed 4096K, reserved 1114112K
  class space    used 453K, committed 512K, reserved 1048576K
}
Event: 1.620 GC heap before
{Heap before GC invocations=1 (full 0):
 garbage-first heap   total 264192K, used 26553K [0x0000000300800000, 0x0000000400800000)
  region size 2048K, 9 young (18432K), 2 survivors (4096K)
 Metaspace       used 8844K, committed 9024K, reserved 1114112K
  class space    used 1007K, committed 1088K, reserved 1048576K
}
Event: 1.623 GC heap after
{Heap after GC invocations=2 (full 0):
 garbage-first heap   total 264192K, used 14158K [0x0000000300800000, 0x0000000400800000)
  region size 2048K, 1 young (2048K), 1 survivors (2048K)
 Metaspace       used 8844K, committed 9024K, reserved 1114112K
  class space    used 1007K, committed 1088K, reserved 1048576K
}
Event: 2.320 GC heap before
{Heap before GC invocations=2 (full 0):
 garbage-first heap   total 264192K, used 53070K [0x0000000300800000, 0x0000000400800000)
  region size 2048K, 21 young (43008K), 1 survivors (2048K)
 Metaspace       used 16447K, committed 16768K, reserved 1114112K
  class space    used 2210K, committed 2368K, reserved 1048576K
}
Event: 2.324 GC heap after
{Heap after GC invocations=3 (full 0):
 garbage-first heap   total 264192K, used 16844K [0x0000000300800000, 0x0000000400800000)
  region size 2048K, 3 young (6144K), 3 survivors (6144K)
 Metaspace       used 16447K, committed 16768K, reserved 1114112K
  class space    used 2210K, committed 2368K, reserved 1048576K
}
Event: 2.657 GC heap before
{Heap before GC invocations=4 (full 0):
 garbage-first heap   total 69632K, used 51660K [0x0000000300800000, 0x0000000400800000)
  region size 2048K, 20 young (40960K), 3 survivors (6144K)
 Metaspace       used 23224K, committed 23680K, reserved 1114112K
  class space    used 2992K, committed 3200K, reserved 1048576K
}
Event: 2.664 GC heap after
{Heap after GC invocations=5 (full 0):
 garbage-first heap   total 69632K, used 18395K [0x0000000300800000, 0x0000000400800000)
  region size 2048K, 3 young (6144K), 3 survivors (6144K)
 Metaspace       used 23224K, committed 23680K, reserved 1114112K
  class space    used 2992K, committed 3200K, reserved 1048576K
}
Event: 2.998 GC heap before
{Heap before GC invocations=5 (full 0):
 garbage-first heap   total 69632K, used 47067K [0x0000000300800000, 0x0000000400800000)
  region size 2048K, 17 young (34816K), 3 survivors (6144K)
 Metaspace       used 26457K, committed 26880K, reserved 1114112K
  class space    used 3467K, committed 3648K, reserved 1048576K
}
Event: 3.006 GC heap after
{Heap after GC invocations=6 (full 0):
 garbage-first heap   total 69632K, used 20290K [0x0000000300800000, 0x0000000400800000)
  region size 2048K, 2 young (4096K), 2 survivors (4096K)
 Metaspace       used 26457K, committed 26880K, reserved 1114112K
  class space    used 3467K, committed 3648K, reserved 1048576K
}
Event: 3.109 GC heap before
{Heap before GC invocations=6 (full 0):
 garbage-first heap   total 69632K, used 30530K [0x0000000300800000, 0x0000000400800000)
  region size 2048K, 9 young (18432K), 2 survivors (4096K)
 Metaspace       used 27517K, committed 27968K, reserved 1114112K
  class space    used 3547K, committed 3776K, reserved 1048576K
}
Event: 3.112 GC heap after
{Heap after GC invocations=7 (full 0):
 garbage-first heap   total 83968K, used 21696K [0x0000000300800000, 0x0000000400800000)
  region size 2048K, 2 young (4096K), 2 survivors (4096K)
 Metaspace       used 27517K, committed 27968K, reserved 1114112K
  class space    used 3547K, committed 3776K, reserved 1048576K
}
Event: 3.496 GC heap before
{Heap before GC invocations=8 (full 0):
 garbage-first heap   total 81920K, used 62656K [0x0000000300800000, 0x0000000400800000)
  region size 2048K, 22 young (45056K), 2 survivors (4096K)
 Metaspace       used 30600K, committed 31104K, reserved 1114112K
  class space    used 3927K, committed 4160K, reserved 1048576K
}
Event: 3.502 GC heap after
{Heap after GC invocations=9 (full 0):
 garbage-first heap   total 81920K, used 24497K [0x0000000300800000, 0x0000000400800000)
  region size 2048K, 3 young (6144K), 3 survivors (6144K)
 Metaspace       used 30600K, committed 31104K, reserved 1114112K
  class space    used 3927K, committed 4160K, reserved 1048576K
}

